<?xml version="1.0" encoding="UTF-8"?>
<!-- Generated by org.testng.reporters.JUnitReportReporter -->
<testsuite hostname="Amritha" failures="0" tests="1" name="testscripts.ManageNewsTestNew" time="5.988" errors="0" timestamp="2024-08-20T22:32:42 IST" skipped="0">
  <testcase classname="testscripts.ManageNewsTestNew" name="manageNews" time="5.988"/>
</testsuite> <!-- testscripts.ManageNewsTestNew -->
