<?xml version="1.0" encoding="UTF-8"?>
<!-- Generated by org.testng.reporters.JUnitReportReporter -->
<testsuite hostname="Amritha" failures="0" tests="1" name="testscripts.ManageNewsTestNew" time="6.680" errors="0" timestamp="2024-08-22T12:37:07 IST" skipped="0">
  <testcase classname="testscripts.ManageNewsTestNew" name="manageNews" time="6.680"/>
</testsuite> <!-- testscripts.ManageNewsTestNew -->
