<?xml version="1.0" encoding="UTF-8"?>
<!-- Generated by org.testng.reporters.JUnitReportReporter -->
<testsuite hostname="Amritha" failures="0" tests="1" name="testscripts.ManageFooterTest" time="4.864" errors="0" timestamp="2024-08-20T22:30:14 IST" skipped="0">
  <testcase classname="testscripts.ManageFooterTest" name="manageFooter" time="4.864"/>
</testsuite> <!-- testscripts.ManageFooterTest -->
