<?xml version="1.0" encoding="UTF-8"?>
<!-- Generated by org.testng.reporters.JUnitReportReporter -->
<testsuite hostname="Amritha" failures="0" tests="1" name="testscripts.ManageProductSearchTest" time="4.940" errors="0" timestamp="2024-08-15T23:14:50 IST" skipped="0">
  <testcase classname="testscripts.ManageProductSearchTest" name="manageProductSerach" time="4.940"/>
</testsuite> <!-- testscripts.ManageProductSearchTest -->
