<?xml version="1.0" encoding="UTF-8"?>
<!-- Generated by org.testng.reporters.JUnitReportReporter -->
<testsuite hostname="Amritha" failures="0" tests="1" name="testscripts.ManageFooterTest" time="12.383" errors="0" timestamp="2024-09-12T12:29:28 IST" skipped="0">
  <testcase classname="testscripts.ManageFooterTest" name="manageFooter" time="12.383"/>
</testsuite> <!-- testscripts.ManageFooterTest -->
