<?xml version="1.0" encoding="UTF-8"?>
<!-- Generated by org.testng.reporters.JUnitReportReporter -->
<testsuite hostname="Amritha" failures="0" tests="2" name="testscripts.ManageProductDeleteTest" time="6.626" errors="0" timestamp="2024-08-20T22:14:43 IST" skipped="0">
  <testcase classname="testscripts.ManageProductDeleteTest" name="manageProductDelete" time="3.119"/>
  <testcase classname="testscripts.ManageProductDeleteTest" name="manageProddelSearch" time="3.507"/>
</testsuite> <!-- testscripts.ManageProductDeleteTest -->
