<?xml version="1.0" encoding="UTF-8"?>
<!-- Generated by org.testng.reporters.JUnitReportReporter -->
<testsuite hostname="Amritha" failures="0" tests="1" name="testscripts.ManageCategoryNewTest" time="4.189" errors="0" timestamp="2024-08-20T22:15:23 IST" skipped="0">
  <testcase classname="testscripts.ManageCategoryNewTest" name="manageCategorySearch" time="4.189"/>
</testsuite> <!-- testscripts.ManageCategoryNewTest -->
