<?xml version="1.0" encoding="UTF-8"?>
<!-- Generated by org.testng.reporters.JUnitReportReporter -->
<testsuite hostname="Amritha" failures="0" tests="4" name="testscripts.LoginPageTest" time="12.319" errors="0" timestamp="2024-09-10T21:49:50 IST" skipped="0">
  <testcase classname="testscripts.LoginPageTest" name="enterValidUsernameAndPassword" time="3.211"/>
  <testcase classname="testscripts.LoginPageTest" name="enterValidUsernameandinvalidPasword" time="3.500"/>
  <testcase classname="testscripts.LoginPageTest" name="enterInvalidUserNameandValidPassword" time="3.084"/>
  <testcase classname="testscripts.LoginPageTest" name="enteInvalidUserNameandPassword" time="2.524"/>
</testsuite> <!-- testscripts.LoginPageTest -->
