<?xml version="1.0" encoding="UTF-8"?>
<!-- Generated by org.testng.reporters.JUnitReportReporter -->
<testsuite hostname="Amritha" failures="0" tests="1" name="testscripts.AdminUsersNewTest" time="5.738" errors="0" timestamp="2024-09-12T07:25:59 IST" skipped="0">
  <testcase classname="testscripts.AdminUsersNewTest" name="adminUsers" time="5.738"/>
</testsuite> <!-- testscripts.AdminUsersNewTest -->
