<?xml version="1.0" encoding="UTF-8"?>
<!-- Generated by org.testng.reporters.JUnitReportReporter -->
<testsuite hostname="Amritha" failures="0" tests="1" name="testscripts.ManageCategoryNewTest" time="4.276" errors="0" timestamp="2024-08-19T21:56:33 IST" skipped="0">
  <testcase classname="testscripts.ManageCategoryNewTest" name="manageCategorySearch" time="4.276"/>
</testsuite> <!-- testscripts.ManageCategoryNewTest -->
