<?xml version="1.0" encoding="UTF-8"?>
<!-- Generated by org.testng.reporters.JUnitReportReporter -->
<testsuite hostname="Amritha" failures="0" tests="5" name="testscripts.LoginPageTest" time="14.252" errors="0" timestamp="2024-08-26T11:36:57 IST" skipped="0">
  <testcase classname="testscripts.LoginPageTest" name="enterValidUsernameAndPassword" time="4.703"/>
  <testcase classname="testscripts.LoginPageTest" name="adminLogout" time="2.689"/>
  <testcase classname="testscripts.LoginPageTest" name="enterValidUsernameandinvalidPasword" time="2.354"/>
  <testcase classname="testscripts.LoginPageTest" name="enterInvalidUserNameandValidPassword" time="2.212"/>
  <testcase classname="testscripts.LoginPageTest" name="enteInvalidUserNameandPassword" time="2.294"/>
</testsuite> <!-- testscripts.LoginPageTest -->
