<?xml version="1.0" encoding="UTF-8"?>
<!-- Generated by org.testng.reporters.JUnitReportReporter -->
<testsuite hostname="Amritha" failures="0" tests="1" name="testscripts.ManageContactTest" time="5.600" errors="0" timestamp="2024-08-22T12:34:46 IST" skipped="0">
  <testcase classname="testscripts.ManageContactTest" name="manageContactTest" time="5.600"/>
</testsuite> <!-- testscripts.ManageContactTest -->
