<?xml version="1.0" encoding="UTF-8"?>
<!-- Generated by org.testng.reporters.JUnitReportReporter -->
<testsuite hostname="Amritha" failures="0" tests="5" name="testscripts.LoginPageTest" time="12.445" errors="0" timestamp="2024-08-20T22:03:02 IST" skipped="0">
  <testcase classname="testscripts.LoginPageTest" name="enterValidUsernameAndPassword" time="2.789"/>
  <testcase classname="testscripts.LoginPageTest" name="adminLogout" time="3.116"/>
  <testcase classname="testscripts.LoginPageTest" name="enterValidUsernameandinvalidUsername" time="2.203"/>
  <testcase classname="testscripts.LoginPageTest" name="enterInvalidUserNameandValidPassword" time="2.044"/>
  <testcase classname="testscripts.LoginPageTest" name="enteInvalidUserNameandPassword" time="2.293"/>
</testsuite> <!-- testscripts.LoginPageTest -->
