<?xml version="1.0" encoding="UTF-8"?>
<!-- Generated by org.testng.reporters.JUnitReportReporter -->
<testsuite hostname="Amritha" failures="0" tests="2" name="testscripts.ManageProductDeleteTest" time="10.543" errors="0" timestamp="2024-08-17T16:53:12 IST" skipped="0">
  <testcase classname="testscripts.ManageProductDeleteTest" name="manageProductDelete" time="5.530"/>
  <testcase classname="testscripts.ManageProductDeleteTest" name="manageProddelSearch" time="5.013"/>
</testsuite> <!-- testscripts.ManageProductDeleteTest -->
