<?xml version="1.0" encoding="UTF-8"?>
<!-- Generated by org.testng.reporters.JUnitReportReporter -->
<testsuite hostname="Amritha" failures="0" tests="2" name="testscripts.ManageProductDeleteTest" time="8.333" errors="0" timestamp="2024-08-22T12:38:22 IST" skipped="0">
  <testcase classname="testscripts.ManageProductDeleteTest" name="manageProductDelete" time="3.789"/>
  <testcase classname="testscripts.ManageProductDeleteTest" name="manageProddelSearch" time="4.544"/>
</testsuite> <!-- testscripts.ManageProductDeleteTest -->
