<?xml version="1.0" encoding="UTF-8"?>
<!-- Generated by org.testng.reporters.JUnitReportReporter -->
<testsuite hostname="Amritha" failures="0" tests="5" name="testscripts.LoginPageTest" time="13.259" errors="0" timestamp="2024-08-13T22:49:05 IST" skipped="0">
  <testcase classname="testscripts.LoginPageTest" name="enterValidUsernameAndPassword" time="2.507"/>
  <testcase classname="testscripts.LoginPageTest" name="adminLogout" time="2.829"/>
  <testcase classname="testscripts.LoginPageTest" name="enterValidUsernameandinvalidUsername" time="3.619"/>
  <testcase classname="testscripts.LoginPageTest" name="enterInvalidUserNameandValidPassword" time="2.095"/>
  <testcase classname="testscripts.LoginPageTest" name="enteInvalidUserNameandPassword" time="2.209"/>
</testsuite> <!-- testscripts.LoginPageTest -->
