<?xml version="1.0" encoding="UTF-8"?>
<!-- Generated by org.testng.reporters.JUnitReportReporter -->
<testsuite hostname="Amritha" failures="0" tests="1" name="testscripts.ManageNewsTestNew" time="10.206" errors="0" timestamp="2024-09-12T17:41:07 IST" skipped="0">
  <testcase classname="testscripts.ManageNewsTestNew" name="manageNews" time="10.206"/>
</testsuite> <!-- testscripts.ManageNewsTestNew -->
