<?xml version="1.0" encoding="UTF-8"?>
<!-- Generated by org.testng.reporters.JUnitReportReporter -->
<testsuite hostname="Amritha" failures="0" tests="5" name="testscripts.LoginPageTest" time="13.383" errors="0" timestamp="2024-08-22T07:49:37 IST" skipped="0">
  <testcase classname="testscripts.LoginPageTest" name="enterValidUsernameAndPassword" time="3.441"/>
  <testcase classname="testscripts.LoginPageTest" name="adminLogout" time="2.507"/>
  <testcase classname="testscripts.LoginPageTest" name="enterValidUsernameandinvalidPasword" time="2.189"/>
  <testcase classname="testscripts.LoginPageTest" name="enterInvalidUserNameandValidPassword" time="3.055"/>
  <testcase classname="testscripts.LoginPageTest" name="enteInvalidUserNameandPassword" time="2.191"/>
</testsuite> <!-- testscripts.LoginPageTest -->
