<?xml version="1.0" encoding="UTF-8"?>
<!-- Generated by org.testng.reporters.JUnitReportReporter -->
<testsuite hostname="Amritha" failures="0" tests="5" name="testscripts.LoginPageTest" time="16.988" errors="0" timestamp="2024-08-21T11:10:18 IST" skipped="0">
  <testcase classname="testscripts.LoginPageTest" name="enterValidUsernameAndPassword" time="5.543"/>
  <testcase classname="testscripts.LoginPageTest" name="adminLogout" time="3.730"/>
  <testcase classname="testscripts.LoginPageTest" name="enterValidUsernameandinvalidPasword" time="2.486"/>
  <testcase classname="testscripts.LoginPageTest" name="enterInvalidUserNameandValidPassword" time="2.945"/>
  <testcase classname="testscripts.LoginPageTest" name="enteInvalidUserNameandPassword" time="2.284"/>
</testsuite> <!-- testscripts.LoginPageTest -->
