<?xml version="1.0" encoding="UTF-8"?>
<!-- Generated by org.testng.reporters.JUnitReportReporter -->
<testsuite hostname="Amritha" failures="0" tests="2" name="testscripts.AdminUserSearchTest" time="10.220" errors="0" timestamp="2024-08-22T12:25:22 IST" skipped="0">
  <testcase classname="testscripts.AdminUserSearchTest" name="adminusersearch" time="6.437"/>
  <testcase classname="testscripts.AdminUserSearchTest" name="adminuserdelete" time="3.783"/>
</testsuite> <!-- testscripts.AdminUserSearchTest -->
