<?xml version="1.0" encoding="UTF-8"?>
<!-- Generated by org.testng.reporters.JUnitReportReporter -->
<testsuite hostname="Amritha" failures="0" tests="1" name="testscripts.LoginPageTest" time="4.369" errors="0" timestamp="2024-08-12T08:57:04 IST" skipped="0">
  <testcase classname="testscripts.LoginPageTest" name="enterValidUsernameAndPassword" time="4.369"/>
</testsuite> <!-- testscripts.LoginPageTest -->
