<?xml version="1.0" encoding="UTF-8"?>
<!-- Generated by org.testng.reporters.JUnitReportReporter -->
<testsuite hostname="Amritha" failures="0" tests="1" name="testscripts.ManageFooterTest" time="4.118" errors="0" timestamp="2024-08-19T22:16:35 IST" skipped="0">
  <testcase classname="testscripts.ManageFooterTest" name="manageFooter" time="4.118"/>
</testsuite> <!-- testscripts.ManageFooterTest -->
