<?xml version="1.0" encoding="UTF-8"?>
<!-- Generated by org.testng.reporters.JUnitReportReporter -->
<testsuite hostname="Amritha" failures="0" tests="1" name="testscripts.DashBoardTest" time="4.472" errors="0" timestamp="2024-08-13T08:05:03 IST" skipped="0">
  <testcase classname="testscripts.DashBoardTest" name="dashBoardNewfFunctions" time="4.472"/>
</testsuite> <!-- testscripts.DashBoardTest -->
