<?xml version="1.0" encoding="UTF-8"?>
<!-- Generated by org.testng.reporters.JUnitReportReporter -->
<testsuite hostname="Amritha" failures="0" tests="1" name="testscripts.AdminUserSearchTest" time="5.833" errors="0" timestamp="2024-08-20T23:26:54 IST" skipped="0">
  <testcase classname="testscripts.AdminUserSearchTest" name="adminusersearch" time="5.833"/>
</testsuite> <!-- testscripts.AdminUserSearchTest -->
