<?xml version="1.0" encoding="UTF-8"?>
<!-- Generated by org.testng.reporters.JUnitReportReporter -->
<testsuite hostname="Amritha" failures="0" tests="1" name="testscripts.ManageProductSearchTest" time="3.824" errors="0" timestamp="2024-08-20T22:13:46 IST" skipped="0">
  <testcase classname="testscripts.ManageProductSearchTest" name="manageProductSerach" time="3.824"/>
</testsuite> <!-- testscripts.ManageProductSearchTest -->
