<?xml version="1.0" encoding="UTF-8"?>
<!-- Generated by org.testng.reporters.JUnitReportReporter -->
<testsuite hostname="Amritha" failures="0" tests="1" name="testscripts.ManageContactTest" time="4.940" errors="0" timestamp="2024-08-20T06:57:27 IST" skipped="0">
  <testcase classname="testscripts.ManageContactTest" name="manageContactTest" time="4.940"/>
</testsuite> <!-- testscripts.ManageContactTest -->
