<?xml version="1.0" encoding="UTF-8"?>
<!-- Generated by org.testng.reporters.JUnitReportReporter -->
<testsuite hostname="Amritha" failures="0" tests="1" name="testscripts.AdminUsersTest" time="5.818" errors="0" timestamp="2024-08-20T23:05:04 IST" skipped="0">
  <testcase classname="testscripts.AdminUsersTest" name="adminUsers" time="5.818"/>
</testsuite> <!-- testscripts.AdminUsersTest -->
