<?xml version="1.0" encoding="UTF-8"?>
<!-- Generated by org.testng.reporters.JUnitReportReporter -->
<testsuite hostname="Amritha" failures="0" tests="1" name="testscripts.ManageCategoryNewTest" time="9.079" errors="0" timestamp="2024-09-12T11:57:20 IST" skipped="0">
  <testcase classname="testscripts.ManageCategoryNewTest" name="manageCategorySearch" time="9.079"/>
</testsuite> <!-- testscripts.ManageCategoryNewTest -->
