<?xml version="1.0" encoding="UTF-8"?>
<!-- Generated by org.testng.reporters.JUnitReportReporter -->
<testsuite hostname="Amritha" failures="0" tests="1" name="testscripts.ManageContactTest" time="10.356" errors="0" timestamp="2024-09-12T12:08:38 IST" skipped="0">
  <testcase classname="testscripts.ManageContactTest" name="manageContactTest" time="10.356"/>
</testsuite> <!-- testscripts.ManageContactTest -->
