<?xml version="1.0" encoding="UTF-8"?>
<!-- Generated by org.testng.reporters.JUnitReportReporter -->
<testsuite hostname="Amritha" failures="0" tests="1" name="testscripts.ManageProductSearchTest" time="5.823" errors="0" timestamp="2024-08-19T16:09:29 IST" skipped="0">
  <testcase classname="testscripts.ManageProductSearchTest" name="manageProductSerach" time="5.823"/>
</testsuite> <!-- testscripts.ManageProductSearchTest -->
