<?xml version="1.0" encoding="UTF-8"?>
<!-- Generated by org.testng.reporters.JUnitReportReporter -->
<testsuite hostname="Amritha" failures="0" tests="1" name="testscripts.ManageNewsTestNew" time="4.487" errors="0" timestamp="2024-08-20T06:49:53 IST" skipped="0">
  <testcase classname="testscripts.ManageNewsTestNew" name="manageNews" time="4.487"/>
</testsuite> <!-- testscripts.ManageNewsTestNew -->
