<?xml version="1.0" encoding="UTF-8"?>
<!-- Generated by org.testng.reporters.JUnitReportReporter -->
<testsuite hostname="Amritha" failures="0" tests="1" name="testscripts.ManageFooterTest" time="5.978" errors="0" timestamp="2024-08-22T12:36:10 IST" skipped="0">
  <testcase classname="testscripts.ManageFooterTest" name="manageFooter" time="5.978"/>
</testsuite> <!-- testscripts.ManageFooterTest -->
