<?xml version="1.0" encoding="UTF-8"?>
<!-- Generated by org.testng.reporters.JUnitReportReporter -->
<testsuite hostname="Amritha" failures="0" tests="1" name="testscripts.LoginPageTest" time="6.069" errors="0" timestamp="2024-08-23T07:32:42 IST" skipped="0">
  <testcase classname="testscripts.LoginPageTest" name="enterValidUsernameAndPassword" time="6.069"/>
</testsuite> <!-- testscripts.LoginPageTest -->
