<?xml version="1.0" encoding="UTF-8"?>
<!-- Generated by org.testng.reporters.JUnitReportReporter -->
<testsuite hostname="Amritha" failures="0" tests="2" name="testscripts.ManageProductDeleteTest" time="14.100" errors="0" timestamp="2024-08-19T16:22:57 IST" skipped="0">
  <testcase classname="testscripts.ManageProductDeleteTest" name="manageProductDelete" time="7.920"/>
  <testcase classname="testscripts.ManageProductDeleteTest" name="manageProddelSearch" time="6.180"/>
</testsuite> <!-- testscripts.ManageProductDeleteTest -->
